C:\USERS\PRANAV\DOCUMENTS\VISUAL STUDIO 2012\PROJECTS\HOMEWORK9\HOMEWORK9\DEBUG\MYCIRCLE.OBJ
C:\USERS\PRANAV\DOCUMENTS\VISUAL STUDIO 2012\PROJECTS\HOMEWORK9\HOMEWORK9\DEBUG\MYRECT.OBJ
C:\USERS\PRANAV\DOCUMENTS\VISUAL STUDIO 2012\PROJECTS\HOMEWORK9\HOMEWORK9\DEBUG\MYTRIANGLE.OBJ
C:\USERS\PRANAV\DOCUMENTS\VISUAL STUDIO 2012\PROJECTS\HOMEWORK9\HOMEWORK9\DEBUG\SCREENSAVER_RT.OBJ
C:\USERS\PRANAV\DOCUMENTS\VISUAL STUDIO 2012\PROJECTS\HOMEWORK9\HOMEWORK9\DEBUG\SHAPE.OBJ
C:\USERS\PRANAV\DOCUMENTS\VISUAL STUDIO 2012\PROJECTS\HOMEWORK9\HOMEWORK9\DEBUG\VC110.PDB
C:\Users\Pranav\Documents\Visual Studio 2012\Projects\HomeWork9\HomeWork9\Debug\MyCircle.obj
C:\Users\Pranav\Documents\Visual Studio 2012\Projects\HomeWork9\HomeWork9\Debug\MyRect.obj
C:\Users\Pranav\Documents\Visual Studio 2012\Projects\HomeWork9\HomeWork9\Debug\MyTriangle.obj
C:\Users\Pranav\Documents\Visual Studio 2012\Projects\HomeWork9\HomeWork9\Debug\screensaver_RT.obj
C:\Users\Pranav\Documents\Visual Studio 2012\Projects\HomeWork9\HomeWork9\Debug\Shape.obj
C:\Users\Pranav\Documents\Visual Studio 2012\Projects\HomeWork9\HomeWork9\Debug\cl.command.1.tlog
C:\Users\Pranav\Documents\Visual Studio 2012\Projects\HomeWork9\HomeWork9\Debug\CL.read.1.tlog
C:\Users\Pranav\Documents\Visual Studio 2012\Projects\HomeWork9\HomeWork9\Debug\CL.write.1.tlog
C:\Users\Pranav\Documents\Visual Studio 2012\Projects\HomeWork9\HomeWork9\Debug\link-cvtres.read.1.tlog
C:\Users\Pranav\Documents\Visual Studio 2012\Projects\HomeWork9\HomeWork9\Debug\link-cvtres.write.1.tlog
C:\Users\Pranav\Documents\Visual Studio 2012\Projects\HomeWork9\HomeWork9\Debug\link-rc.read.1.tlog
C:\Users\Pranav\Documents\Visual Studio 2012\Projects\HomeWork9\HomeWork9\Debug\link-rc.write.1.tlog
C:\Users\Pranav\Documents\Visual Studio 2012\Projects\HomeWork9\HomeWork9\Debug\link.command.1.tlog
C:\Users\Pranav\Documents\Visual Studio 2012\Projects\HomeWork9\HomeWork9\Debug\link.read.1.tlog
C:\Users\Pranav\Documents\Visual Studio 2012\Projects\HomeWork9\HomeWork9\Debug\link.write.1.tlog
C:\Users\Pranav\Documents\Visual Studio 2012\Projects\HomeWork9\HomeWork9\Debug\vc110.idb
C:\Users\Pranav\Documents\Visual Studio 2012\Projects\HomeWork9\HomeWork9\Debug\vc110.pdb
C:\Users\Pranav\Documents\Visual Studio 2012\Projects\HomeWork9\Debug\HomeWork9.pdb
