E:\PERSONAL\MASTERS\OOP_C++\HOMEWORKS\HOMEWORK4\HOMEWORK4\DEBUG\MAIN.OBJ
E:\PERSONAL\MASTERS\OOP_C++\HOMEWORKS\HOMEWORK4\HOMEWORK4\DEBUG\SELECTIONSORT.OBJ
E:\PERSONAL\MASTERS\OOP_C++\HOMEWORKS\HOMEWORK4\HOMEWORK4\DEBUG\VC110.PDB
E:\PERSONAL\MASTERS\OOP_C++\HOMEWORKS\HOMEWORK4\HOMEWORK4\DEBUG\PRINTARRAYSOURCE.OBJ
E:\PERSONAL\MASTERS\OOP_C++\HOMEWORKS\HOMEWORK4\DEBUG\HOMEWORK4.ILK
E:\PERSONAL\MASTERS\OOP_C++\HOMEWORKS\HOMEWORK4\DEBUG\HOMEWORK4.EXE
E:\PERSONAL\MASTERS\OOP_C++\HOMEWORKS\HOMEWORK4\DEBUG\HOMEWORK4.PDB
E:\Personal\Masters\OOP_C++\Homeworks\Homework4\Homework4\Debug\main.obj
E:\Personal\Masters\OOP_C++\Homeworks\Homework4\Homework4\Debug\PrintArraySource.obj
E:\Personal\Masters\OOP_C++\Homeworks\Homework4\Homework4\Debug\SelectionSort.obj
E:\Personal\Masters\OOP_C++\Homeworks\Homework4\Homework4\Debug\cl.command.1.tlog
E:\Personal\Masters\OOP_C++\Homeworks\Homework4\Homework4\Debug\CL.read.1.tlog
E:\Personal\Masters\OOP_C++\Homeworks\Homework4\Homework4\Debug\CL.write.1.tlog
E:\Personal\Masters\OOP_C++\Homeworks\Homework4\Homework4\Debug\link-cvtres.read.1.tlog
E:\Personal\Masters\OOP_C++\Homeworks\Homework4\Homework4\Debug\link-cvtres.write.1.tlog
E:\Personal\Masters\OOP_C++\Homeworks\Homework4\Homework4\Debug\link-rc.read.1.tlog
E:\Personal\Masters\OOP_C++\Homeworks\Homework4\Homework4\Debug\link-rc.write.1.tlog
E:\Personal\Masters\OOP_C++\Homeworks\Homework4\Homework4\Debug\link.command.1.tlog
E:\Personal\Masters\OOP_C++\Homeworks\Homework4\Homework4\Debug\link.read.1.tlog
E:\Personal\Masters\OOP_C++\Homeworks\Homework4\Homework4\Debug\link.write.1.tlog
E:\Personal\Masters\OOP_C++\Homeworks\Homework4\Homework4\Debug\vc110.idb
E:\Personal\Masters\OOP_C++\Homeworks\Homework4\Homework4\Debug\vc110.pdb
E:\Personal\Masters\OOP_C++\Homeworks\Homework4\Debug\Homework4.pdb
